2026-03-05 21:24:56,640 - DEBUG - Starting image detection for user 6
2026-03-05 21:24:56,641 - DEBUG - Saving file to uploads\04a02d87-a86c-46be-b7a8-273b46351add_test_image.jpg
2026-03-05 21:24:56,643 - DEBUG - Running detection...
2026-03-05 21:26:38,047 - DEBUG - Starting image detection for user 6
2026-03-05 21:26:38,047 - DEBUG - Saving file to uploads\81e16fce-13c1-41e8-8947-424086b40493_test_image.jpg
2026-03-05 21:26:38,050 - DEBUG - Running detection...
2026-03-05 21:27:05,647 - DEBUG - Starting image detection for user 5
2026-03-05 21:27:05,648 - DEBUG - Saving file to uploads\e94ca4b4-1ffb-407a-811c-4cfbe384980d_1000042567.jpg
2026-03-05 21:27:05,765 - DEBUG - Running detection...
2026-03-05 21:27:26,394 - DEBUG - Starting image detection for user 5
2026-03-05 21:27:26,394 - DEBUG - Saving file to uploads\9fa522d4-9fd2-41c9-be09-ed67df83486d_ai img.jpg
2026-03-05 21:27:26,397 - DEBUG - Running detection...
2026-03-05 21:27:48,921 - DEBUG - Starting image detection for user 5
2026-03-05 21:27:48,923 - DEBUG - Saving file to uploads\eaf38d08-aeb6-4d7e-9491-711a413cecd7_f1-8714710_1280.jpg
2026-03-05 21:27:48,930 - DEBUG - Running detection...
2026-03-05 22:25:50,165 - DEBUG - Starting image detection for user 6
2026-03-05 22:25:50,165 - DEBUG - Saving file to uploads\bc1cc0f4-087a-4553-b6e7-16159bf2f4f0_test_image.jpg
2026-03-05 22:25:50,167 - DEBUG - Running detection...
2026-03-05 22:27:10,977 - DEBUG - Starting image detection for user 6
2026-03-05 22:27:10,977 - DEBUG - Saving file to uploads\13990807-38c2-4a0f-a50f-28cc9bf6f6cb_test_image.jpg
2026-03-05 22:27:10,979 - DEBUG - Running detection...
2026-03-05 22:28:41,975 - DEBUG - Starting image detection for user 5
2026-03-05 22:28:41,975 - DEBUG - Saving file to uploads\9b44bae4-9b9d-4729-b41c-3c485c238fe6_1000042567.jpg
2026-03-05 22:28:42,051 - DEBUG - Running detection...
